<?xml version="1.0" encoding="UTF-8"?>
<!-- Generated by org.testng.reporters.JUnitReportReporter -->
<testsuite skipped="0" hostname="VENOM" name="com.abc.orangehrm.test.loginpagetest2" tests="1" failures="0" timestamp="2022-04-01T23:42:46 IST" time="6.216" errors="0">
  <testcase name="TC3" time="6.216" classname="com.abc.orangehrm.test.loginpagetest2"/>
  <system-out/>
</testsuite> <!-- com.abc.orangehrm.test.loginpagetest2 -->
