<?xml version="1.0" encoding="UTF-8"?>
<!-- Generated by org.testng.reporters.JUnitReportReporter -->
<testsuite skipped="0" hostname="VENOM" name="com.abc.orangehrm.test.loginpagetest" tests="2" failures="0" timestamp="2022-04-02T00:02:58 IST" time="2.946" errors="0">
  <testcase name="forg" time="1.035" classname="com.abc.orangehrm.test.loginpagetest"/>
  <system-out/>
  <testcase name="TC1" time="1.911" classname="com.abc.orangehrm.test.loginpagetest"/>
  <system-out/>
</testsuite> <!-- com.abc.orangehrm.test.loginpagetest -->
