<?xml version="1.0" encoding="UTF-8"?>
<!-- Generated by org.testng.reporters.JUnitReportReporter -->
<testsuite skipped="0" hostname="VENOM" name="com.orange.qa.testcases.loginpagestest" tests="3" failures="0" timestamp="2022-04-02T00:19:59 IST" time="41.063" errors="0">
  <testcase name="TC1" time="11.512" classname="com.orange.qa.testcases.loginpagestest"/>
  <system-out/>
  <testcase name="TC3" time="16.376" classname="com.orange.qa.testcases.loginpagestest"/>
  <system-out/>
  <testcase name="TC2" time="13.175" classname="com.orange.qa.testcases.loginpagestest"/>
  <system-out/>
</testsuite> <!-- com.orange.qa.testcases.loginpagestest -->
